# JRE version: Java(TM) SE Runtime Environment (8.0_144-b01) (build 1.8.0_144-b01)
# Java VM: Java HotSpot(TM) 64-Bit Server VM (25.144-b01 mixed mode windows-amd64 compressed oops)
Heap:
 PSYoungGen      total 284672K, used 14076K [0x0000000715c00000, 0x0000000732180000, 0x00000007c0000000)
  eden space 263168K, 5% used [0x0000000715c00000,0x00000007169bf3d8,0x0000000725d00000)
  from space 21504K, 0% used [0x0000000725d00000,0x0000000725d00000,0x0000000727200000)
  to   space 21504K, 0% used [0x0000000730c80000,0x0000000730c80000,0x0000000732180000)
 ParOldGen       total 260608K, used 24790K [0x00000005c1400000, 0x00000005d1280000, 0x0000000715c00000)
  object space 260608K, 9% used [0x00000005c1400000,0x00000005c2c35960,0x00000005d1280000)
 Metaspace       used 35903K, capacity 36288K, committed 36648K, reserved 1081344K
  class space    used 4374K, capacity 4477K, committed 4480K, reserved 1048576K
GC Heap History (10 events):
Event: 0.802 GC heap before
{Heap before GC invocations=1 (full 0):
 PSYoungGen      total 153088K, used 131584K [0x0000000715c00000, 0x0000000720680000, 0x00000007c0000000)
  eden space 131584K, 100% used [0x0000000715c00000,0x000000071dc80000,0x000000071dc80000)
  from space 21504K, 0% used [0x000000071f180000,0x000000071f180000,0x0000000720680000)
  to   space 21504K, 0% used [0x000000071dc80000,0x000000071dc80000,0x000000071f180000)
 ParOldGen       total 349696K, used 0K [0x00000005c1400000, 0x00000005d6980000, 0x0000000715c00000)
  object space 349696K, 0% used [0x00000005c1400000,0x00000005c1400000,0x00000005d6980000)
 Metaspace       used 17791K, capacity 18028K, committed 18176K, reserved 1064960K
  class space    used 2178K, capacity 2227K, committed 2304K, reserved 1048576K
Event: 0.851 GC heap after
Heap after GC invocations=1 (full 0):
 PSYoungGen      total 153088K, used 17531K [0x0000000715c00000, 0x0000000728700000, 0x00000007c0000000)
  eden space 131584K, 0% used [0x0000000715c00000,0x0000000715c00000,0x000000071dc80000)
  from space 21504K, 81% used [0x000000071dc80000,0x000000071ed9ee98,0x000000071f180000)
  to   space 21504K, 0% used [0x0000000727200000,0x0000000727200000,0x0000000728700000)
 ParOldGen       total 349696K, used 80K [0x00000005c1400000, 0x00000005d6980000, 0x0000000715c00000)
  object space 349696K, 0% used [0x00000005c1400000,0x00000005c1414010,0x00000005d6980000)
 Metaspace       used 17791K, capacity 18028K, committed 18176K, reserved 1064960K
  class space    used 2178K, capacity 2227K, committed 2304K, reserved 1048576K
}
Event: 1.226 GC heap before
{Heap before GC invocations=2 (full 0):
 PSYoungGen      total 153088K, used 81369K [0x0000000715c00000, 0x0000000728700000, 0x00000007c0000000)
  eden space 131584K, 48% used [0x0000000715c00000,0x0000000719a57668,0x000000071dc80000)
  from space 21504K, 81% used [0x000000071dc80000,0x000000071ed9ee98,0x000000071f180000)
  to   space 21504K, 0% used [0x0000000727200000,0x0000000727200000,0x0000000728700000)
 ParOldGen       total 349696K, used 80K [0x00000005c1400000, 0x00000005d6980000, 0x0000000715c00000)
  object space 349696K, 0% used [0x00000005c1400000,0x00000005c1414010,0x00000005d6980000)
 Metaspace       used 20961K, capacity 21142K, committed 21296K, reserved 1069056K
  class space    used 2574K, capacity 2618K, committed 2688K, reserved 1048576K
Event: 1.233 GC heap after
Heap after GC invocations=2 (full 0):
 PSYoungGen      total 284672K, used 12389K [0x0000000715c00000, 0x0000000728700000, 0x00000007c0000000)
  eden space 263168K, 0% used [0x0000000715c00000,0x0000000715c00000,0x0000000725d00000)
  from space 21504K, 57% used [0x0000000727200000,0x0000000727e196e8,0x0000000728700000)
  to   space 21504K, 0% used [0x0000000725d00000,0x0000000725d00000,0x0000000727200000)
 ParOldGen       total 349696K, used 96K [0x00000005c1400000, 0x00000005d6980000, 0x0000000715c00000)
  object space 349696K, 0% used [0x00000005c1400000,0x00000005c1418010,0x00000005d6980000)
 Metaspace       used 20961K, capacity 21142K, committed 21296K, reserved 1069056K
  class space    used 2574K, capacity 2618K, committed 2688K, reserved 1048576K
}
Event: 1.233 GC heap before
{Heap before GC invocations=3 (full 1):
 PSYoungGen      total 284672K, used 12389K [0x0000000715c00000, 0x0000000728700000, 0x00000007c0000000)
  eden space 263168K, 0% used [0x0000000715c00000,0x0000000715c00000,0x0000000725d00000)
  from space 21504K, 57% used [0x0000000727200000,0x0000000727e196e8,0x0000000728700000)
  to   space 21504K, 0% used [0x0000000725d00000,0x0000000725d00000,0x0000000727200000)
 ParOldGen       total 349696K, used 96K [0x00000005c1400000, 0x00000005d6980000, 0x0000000715c00000)
  object space 349696K, 0% used [0x00000005c1400000,0x00000005c1418010,0x00000005d6980000)
 Metaspace       used 20961K, capacity 21142K, committed 21296K, reserved 1069056K
  class space    used 2574K, capacity 2618K, committed 2688K, reserved 1048576K
Event: 1.253 GC heap after
Heap after GC invocations=3 (full 1):
 PSYoungGen      total 284672K, used 0K [0x0000000715c00000, 0x0000000728700000, 0x00000007c0000000)
  eden space 263168K, 0% used [0x0000000715c00000,0x0000000715c00000,0x0000000725d00000)
  from space 21504K, 0% used [0x0000000727200000,0x0000000727200000,0x0000000728700000)
  to   space 21504K, 0% used [0x0000000725d00000,0x0000000725d00000,0x0000000727200000)
 ParOldGen       total 185344K, used 12082K [0x00000005c1400000, 0x00000005cc900000, 0x0000000715c00000)
  object space 185344K, 6% used [0x00000005c1400000,0x00000005c1fcca00,0x00000005cc900000)
 Metaspace       used 20961K, capacity 21142K, committed 21296K, reserved 1069056K
  class space    used 2574K, capacity 2618K, committed 2688K, reserved 1048576K
}
Event: 6.966 GC heap before
{Heap before GC invocations=4 (full 1):
 PSYoungGen      total 284672K, used 248191K [0x0000000715c00000, 0x0000000728700000, 0x00000007c0000000)
  eden space 263168K, 94% used [0x0000000715c00000,0x0000000724e5fd18,0x0000000725d00000)
  from space 21504K, 0% used [0x0000000727200000,0x0000000727200000,0x0000000728700000)
  to   space 21504K, 0% used [0x0000000725d00000,0x0000000725d00000,0x0000000727200000)
 ParOldGen       total 185344K, used 12082K [0x00000005c1400000, 0x00000005cc900000, 0x0000000715c00000)
  object space 185344K, 6% used [0x00000005c1400000,0x00000005c1fcca00,0x00000005cc900000)
 Metaspace       used 35005K, capacity 35304K, committed 35496K, reserved 1081344K
  class space    used 4264K, capacity 4345K, committed 4352K, reserved 1048576K
Event: 6.974 GC heap after
Heap after GC invocations=4 (full 1):
 PSYoungGen      total 284672K, used 17176K [0x0000000715c00000, 0x0000000732180000, 0x00000007c0000000)
  eden space 263168K, 0% used [0x0000000715c00000,0x0000000715c00000,0x0000000725d00000)
  from space 21504K, 79% used [0x0000000725d00000,0x0000000726dc6000,0x0000000727200000)
  to   space 21504K, 0% used [0x0000000730c80000,0x0000000730c80000,0x0000000732180000)
 ParOldGen       total 185344K, used 12090K [0x00000005c1400000, 0x00000005cc900000, 0x0000000715c00000)
  object space 185344K, 6% used [0x00000005c1400000,0x00000005c1fcea00,0x00000005cc900000)
 Metaspace       used 35005K, capacity 35304K, committed 35496K, reserved 1081344K
  class space    used 4264K, capacity 4345K, committed 4352K, reserved 1048576K
}
Event: 6.974 GC heap before
{Heap before GC invocations=5 (full 2):
 PSYoungGen      total 284672K, used 17176K [0x0000000715c00000, 0x0000000732180000, 0x00000007c0000000)
  eden space 263168K, 0% used [0x0000000715c00000,0x0000000715c00000,0x0000000725d00000)
  from space 21504K, 79% used [0x0000000725d00000,0x0000000726dc6000,0x0000000727200000)
  to   space 21504K, 0% used [0x0000000730c80000,0x0000000730c80000,0x0000000732180000)
 ParOldGen       total 185344K, used 12090K [0x00000005c1400000, 0x00000005cc900000, 0x0000000715c00000)
  object space 185344K, 6% used [0x00000005c1400000,0x00000005c1fcea00,0x00000005cc900000)
 Metaspace       used 35005K, capacity 35304K, committed 35496K, reserved 1081344K
  class space    used 4264K, capacity 4345K, committed 4352K, reserved 1048576K
Event: 7.038 GC heap after
Heap after GC invocations=5 (full 2):
 PSYoungGen      total 284672K, used 0K [0x0000000715c00000, 0x0000000732180000, 0x00000007c0000000)
  eden space 263168K, 0% used [0x0000000715c00000,0x0000000715c00000,0x0000000725d00000)
  from space 21504K, 0% used [0x0000000725d00000,0x0000000725d00000,0x0000000727200000)
  to   space 21504K, 0% used [0x0000000730c80000,0x0000000730c80000,0x0000000732180000)
 ParOldGen       total 260608K, used 24790K [0x00000005c1400000, 0x00000005d1280000, 0x0000000715c00000)
  object space 260608K, 9% used [0x00000005c1400000,0x00000005c2c35960,0x00000005d1280000)
 Metaspace       used 35005K, capacity 35304K, committed 35496K, reserved 1081344K
  class space    used 4264K, capacity 4345K, committed 4352K, reserved 1048576K
}

