# JRE version: Java(TM) SE Runtime Environment (8.0_144-b01) (build 1.8.0_144-b01)
# Java VM: Java HotSpot(TM) 64-Bit Server VM (25.144-b01 mixed mode windows-amd64 compressed oops)
Heap:
 PSYoungGen      total 284672K, used 18008K [0x0000000715c00000, 0x000000072e580000, 0x00000007c0000000)
  eden space 263168K, 6% used [0x0000000715c00000,0x0000000716d96270,0x0000000725d00000)
  from space 21504K, 0% used [0x0000000725d00000,0x0000000725d00000,0x0000000727200000)
  to   space 21504K, 0% used [0x000000072d080000,0x000000072d080000,0x000000072e580000)
 ParOldGen       total 335360K, used 24969K [0x00000005c1400000, 0x00000005d5b80000, 0x0000000715c00000)
  object space 335360K, 7% used [0x00000005c1400000,0x00000005c2c625a0,0x00000005d5b80000)
 Metaspace       used 35951K, capacity 36288K, committed 36648K, reserved 1081344K
  class space    used 4374K, capacity 4477K, committed 4480K, reserved 1048576K
GC Heap History (10 events):
Event: 0.770 GC heap before
{Heap before GC invocations=1 (full 0):
 PSYoungGen      total 153088K, used 131584K [0x0000000715c00000, 0x0000000720680000, 0x00000007c0000000)
  eden space 131584K, 100% used [0x0000000715c00000,0x000000071dc80000,0x000000071dc80000)
  from space 21504K, 0% used [0x000000071f180000,0x000000071f180000,0x0000000720680000)
  to   space 21504K, 0% used [0x000000071dc80000,0x000000071dc80000,0x000000071f180000)
 ParOldGen       total 349696K, used 0K [0x00000005c1400000, 0x00000005d6980000, 0x0000000715c00000)
  object space 349696K, 0% used [0x00000005c1400000,0x00000005c1400000,0x00000005d6980000)
 Metaspace       used 17814K, capacity 18028K, committed 18176K, reserved 1064960K
  class space    used 2181K, capacity 2227K, committed 2304K, reserved 1048576K
Event: 0.784 GC heap after
Heap after GC invocations=1 (full 0):
 PSYoungGen      total 153088K, used 17549K [0x0000000715c00000, 0x0000000728700000, 0x00000007c0000000)
  eden space 131584K, 0% used [0x0000000715c00000,0x0000000715c00000,0x000000071dc80000)
  from space 21504K, 81% used [0x000000071dc80000,0x000000071eda37f0,0x000000071f180000)
  to   space 21504K, 0% used [0x0000000727200000,0x0000000727200000,0x0000000728700000)
 ParOldGen       total 349696K, used 88K [0x00000005c1400000, 0x00000005d6980000, 0x0000000715c00000)
  object space 349696K, 0% used [0x00000005c1400000,0x00000005c1416010,0x00000005d6980000)
 Metaspace       used 17814K, capacity 18028K, committed 18176K, reserved 1064960K
  class space    used 2181K, capacity 2227K, committed 2304K, reserved 1048576K
}
Event: 1.193 GC heap before
{Heap before GC invocations=2 (full 0):
 PSYoungGen      total 153088K, used 81387K [0x0000000715c00000, 0x0000000728700000, 0x00000007c0000000)
  eden space 131584K, 48% used [0x0000000715c00000,0x0000000719a57430,0x000000071dc80000)
  from space 21504K, 81% used [0x000000071dc80000,0x000000071eda37f0,0x000000071f180000)
  to   space 21504K, 0% used [0x0000000727200000,0x0000000727200000,0x0000000728700000)
 ParOldGen       total 349696K, used 88K [0x00000005c1400000, 0x00000005d6980000, 0x0000000715c00000)
  object space 349696K, 0% used [0x00000005c1400000,0x00000005c1416010,0x00000005d6980000)
 Metaspace       used 20881K, capacity 21078K, committed 21296K, reserved 1069056K
  class space    used 2569K, capacity 2618K, committed 2688K, reserved 1048576K
Event: 1.202 GC heap after
Heap after GC invocations=2 (full 0):
 PSYoungGen      total 284672K, used 12346K [0x0000000715c00000, 0x0000000728700000, 0x00000007c0000000)
  eden space 263168K, 0% used [0x0000000715c00000,0x0000000715c00000,0x0000000725d00000)
  from space 21504K, 57% used [0x0000000727200000,0x0000000727e0ebd8,0x0000000728700000)
  to   space 21504K, 0% used [0x0000000725d00000,0x0000000725d00000,0x0000000727200000)
 ParOldGen       total 349696K, used 104K [0x00000005c1400000, 0x00000005d6980000, 0x0000000715c00000)
  object space 349696K, 0% used [0x00000005c1400000,0x00000005c141a010,0x00000005d6980000)
 Metaspace       used 20881K, capacity 21078K, committed 21296K, reserved 1069056K
  class space    used 2569K, capacity 2618K, committed 2688K, reserved 1048576K
}
Event: 1.202 GC heap before
{Heap before GC invocations=3 (full 1):
 PSYoungGen      total 284672K, used 12346K [0x0000000715c00000, 0x0000000728700000, 0x00000007c0000000)
  eden space 263168K, 0% used [0x0000000715c00000,0x0000000715c00000,0x0000000725d00000)
  from space 21504K, 57% used [0x0000000727200000,0x0000000727e0ebd8,0x0000000728700000)
  to   space 21504K, 0% used [0x0000000725d00000,0x0000000725d00000,0x0000000727200000)
 ParOldGen       total 349696K, used 104K [0x00000005c1400000, 0x00000005d6980000, 0x0000000715c00000)
  object space 349696K, 0% used [0x00000005c1400000,0x00000005c141a010,0x00000005d6980000)
 Metaspace       used 20881K, capacity 21078K, committed 21296K, reserved 1069056K
  class space    used 2569K, capacity 2618K, committed 2688K, reserved 1048576K
Event: 1.229 GC heap after
Heap after GC invocations=3 (full 1):
 PSYoungGen      total 284672K, used 0K [0x0000000715c00000, 0x0000000728700000, 0x00000007c0000000)
  eden space 263168K, 0% used [0x0000000715c00000,0x0000000715c00000,0x0000000725d00000)
  from space 21504K, 0% used [0x0000000727200000,0x0000000727200000,0x0000000728700000)
  to   space 21504K, 0% used [0x0000000725d00000,0x0000000725d00000,0x0000000727200000)
 ParOldGen       total 215552K, used 12059K [0x00000005c1400000, 0x00000005ce680000, 0x0000000715c00000)
  object space 215552K, 5% used [0x00000005c1400000,0x00000005c1fc6c98,0x00000005ce680000)
 Metaspace       used 20881K, capacity 21078K, committed 21296K, reserved 1069056K
  class space    used 2569K, capacity 2618K, committed 2688K, reserved 1048576K
}
Event: 9.229 GC heap before
{Heap before GC invocations=4 (full 1):
 PSYoungGen      total 284672K, used 248140K [0x0000000715c00000, 0x0000000728700000, 0x00000007c0000000)
  eden space 263168K, 94% used [0x0000000715c00000,0x0000000724e53190,0x0000000725d00000)
  from space 21504K, 0% used [0x0000000727200000,0x0000000727200000,0x0000000728700000)
  to   space 21504K, 0% used [0x0000000725d00000,0x0000000725d00000,0x0000000727200000)
 ParOldGen       total 215552K, used 12059K [0x00000005c1400000, 0x00000005ce680000, 0x0000000715c00000)
  object space 215552K, 5% used [0x00000005c1400000,0x00000005c1fc6c98,0x00000005ce680000)
 Metaspace       used 34947K, capacity 35240K, committed 35496K, reserved 1081344K
  class space    used 4259K, capacity 4345K, committed 4352K, reserved 1048576K
Event: 9.237 GC heap after
Heap after GC invocations=4 (full 1):
 PSYoungGen      total 284672K, used 17195K [0x0000000715c00000, 0x000000072e580000, 0x00000007c0000000)
  eden space 263168K, 0% used [0x0000000715c00000,0x0000000715c00000,0x0000000725d00000)
  from space 21504K, 79% used [0x0000000725d00000,0x0000000726dcadb0,0x0000000727200000)
  to   space 21504K, 0% used [0x000000072d080000,0x000000072d080000,0x000000072e580000)
 ParOldGen       total 215552K, used 12067K [0x00000005c1400000, 0x00000005ce680000, 0x0000000715c00000)
  object space 215552K, 5% used [0x00000005c1400000,0x00000005c1fc8c98,0x00000005ce680000)
 Metaspace       used 34947K, capacity 35240K, committed 35496K, reserved 1081344K
  class space    used 4259K, capacity 4345K, committed 4352K, reserved 1048576K
}
Event: 9.237 GC heap before
{Heap before GC invocations=5 (full 2):
 PSYoungGen      total 284672K, used 17195K [0x0000000715c00000, 0x000000072e580000, 0x00000007c0000000)
  eden space 263168K, 0% used [0x0000000715c00000,0x0000000715c00000,0x0000000725d00000)
  from space 21504K, 79% used [0x0000000725d00000,0x0000000726dcadb0,0x0000000727200000)
  to   space 21504K, 0% used [0x000000072d080000,0x000000072d080000,0x000000072e580000)
 ParOldGen       total 215552K, used 12067K [0x00000005c1400000, 0x00000005ce680000, 0x0000000715c00000)
  object space 215552K, 5% used [0x00000005c1400000,0x00000005c1fc8c98,0x00000005ce680000)
 Metaspace       used 34947K, capacity 35240K, committed 35496K, reserved 1081344K
  class space    used 4259K, capacity 4345K, committed 4352K, reserved 1048576K
Event: 9.285 GC heap after
Heap after GC invocations=5 (full 2):
 PSYoungGen      total 284672K, used 0K [0x0000000715c00000, 0x000000072e580000, 0x00000007c0000000)
  eden space 263168K, 0% used [0x0000000715c00000,0x0000000715c00000,0x0000000725d00000)
  from space 21504K, 0% used [0x0000000725d00000,0x0000000725d00000,0x0000000727200000)
  to   space 21504K, 0% used [0x000000072d080000,0x000000072d080000,0x000000072e580000)
 ParOldGen       total 335360K, used 24969K [0x00000005c1400000, 0x00000005d5b80000, 0x0000000715c00000)
  object space 335360K, 7% used [0x00000005c1400000,0x00000005c2c625a0,0x00000005d5b80000)
 Metaspace       used 34947K, capacity 35240K, committed 35496K, reserved 1081344K
  class space    used 4259K, capacity 4345K, committed 4352K, reserved 1048576K
}

